<?xml version="1.0" encoding="UTF-8"?>
<!-- Generated by org.testng.reporters.JUnitReportReporter -->
<testsuite hostname="SHREENIBAS" failures="0" tests="2" name="pack1.ContactTest" time="0.017" errors="0" timestamp="2025-03-13T14:53:51 IST" skipped="0">
  <testcase classname="pack1.ContactTest" name="createcontactTest" time="0.014"/>
  <system-out/>
  <testcase classname="pack1.ContactTest" name="modifycontactTest" time="0.003"/>
  <system-out/>
</testsuite> <!-- pack1.ContactTest -->
